This is pdfTeX, Version 3.141592653-2.6-1.40.23 (MiKTeX 21.8) (preloaded format=pdflatex 2021.9.22)  27 OCT 2021 19:06
entering extended mode
**./document.tex
(document.tex
LaTeX2e <2021-06-01> patch level 1
L3 programming layer <2021-08-27>
(C:\Users\15147\AppData\Local\Programs\MiKTeX\tex/latex/base\article.cls
Document Class: article 2021/02/12 v1.4n Standard LaTeX document class
(C:\Users\15147\AppData\Local\Programs\MiKTeX\tex/latex/base\size10.clo
File: size10.clo 2021/02/12 v1.4n Standard LaTeX file (size option)
)
\c@part=\count182
\c@section=\count183
\c@subsection=\count184
\c@subsubsection=\count185
\c@paragraph=\count186
\c@subparagraph=\count187
\c@figure=\count188
\c@table=\count189
\abovecaptionskip=\skip47
\belowcaptionskip=\skip48
\bibindent=\dimen138
)
(C:\Users\15147\AppData\Local\Programs\MiKTeX\tex/latex/listings\listings.sty
(C:\Users\15147\AppData\Local\Programs\MiKTeX\tex/latex/graphics\keyval.sty
Package: keyval 2014/10/28 v1.15 key=value parser (DPC)
\KV@toks@=\toks16
)
\lst@mode=\count190
\lst@gtempboxa=\box50
\lst@token=\toks17
\lst@length=\count191
\lst@currlwidth=\dimen139
\lst@column=\count192
\lst@pos=\count193
\lst@lostspace=\dimen140
\lst@width=\dimen141
\lst@newlines=\count194
\lst@lineno=\count195
\lst@maxwidth=\dimen142

(C:\Users\15147\AppData\Local\Programs\MiKTeX\tex/latex/listings\lstmisc.sty
File: lstmisc.sty 2020/03/24 1.8d (Carsten Heinz)
\c@lstnumber=\count196
\lst@skipnumbers=\count197
\lst@framebox=\box51
)
(C:\Users\15147\AppData\Local\Programs\MiKTeX\tex/latex/listings\listings.cfg
File: listings.cfg 2020/03/24 1.8d listings configuration
))
Package: listings 2020/03/24 1.8d (Carsten Heinz)

(C:\Users\15147\AppData\Local\Programs\MiKTeX\tex/latex/algorithms\algorithm.st
y
Package: algorithm 2009/08/24 v0.1 Document Style `algorithm' - floating enviro
nment
 (C:\Users\15147\AppData\Local\Programs\MiKTeX\tex/latex/float\float.sty
Package: float 2001/11/08 v1.3d Float enhancements (AL)
\c@float@type=\count198
\float@exts=\toks18
\float@box=\box52
\@float@everytoks=\toks19
\@floatcapt=\box53
)
(C:\Users\15147\AppData\Local\Programs\MiKTeX\tex/latex/base\ifthen.sty
Package: ifthen 2020/11/24 v1.1c Standard LaTeX ifthen package (DPC)
)
\@float@every@algorithm=\toks20
\c@algorithm=\count199
)
(C:\Users\15147\AppData\Local\Programs\MiKTeX\tex/latex/algorithms\algorithmic.
sty
Package: algorithmic 2009/08/24 v0.1 Document Style `algorithmic'
\c@ALC@unique=\count266
\c@ALC@line=\count267
\c@ALC@rem=\count268
\c@ALC@depth=\count269
\ALC@tlm=\skip49
\algorithmicindent=\skip50
)
(C:\Users\15147\AppData\Local\Programs\MiKTeX\tex/latex/graphics\graphicx.sty
Package: graphicx 2020/12/05 v1.2c Enhanced LaTeX Graphics (DPC,SPQR)

(C:\Users\15147\AppData\Local\Programs\MiKTeX\tex/latex/graphics\graphics.sty
Package: graphics 2021/03/04 v1.4d Standard LaTeX Graphics (DPC,SPQR)

(C:\Users\15147\AppData\Local\Programs\MiKTeX\tex/latex/graphics\trig.sty
Package: trig 2016/01/03 v1.10 sin cos tan (DPC)
)
(C:\Users\15147\AppData\Local\Programs\MiKTeX\tex/latex/graphics-cfg\graphics.c
fg
File: graphics.cfg 2016/06/04 v1.11 sample graphics configuration
)
Package graphics Info: Driver file: pdftex.def on input line 107.

(C:\Users\15147\AppData\Local\Programs\MiKTeX\tex/latex/graphics-def\pdftex.def
File: pdftex.def 2020/10/05 v1.2a Graphics/color driver for pdftex
))
\Gin@req@height=\dimen143
\Gin@req@width=\dimen144
)
(C:\Users\15147\AppData\Local\Programs\MiKTeX\tex/latex/geometry\geometry.sty
Package: geometry 2020/01/02 v5.9 Page Geometry

(C:\Users\15147\AppData\Local\Programs\MiKTeX\tex/generic/iftex\ifvtex.sty
Package: ifvtex 2019/10/25 v1.7 ifvtex legacy package. Use iftex instead.

(C:\Users\15147\AppData\Local\Programs\MiKTeX\tex/generic/iftex\iftex.sty
Package: iftex 2020/03/06 v1.0d TeX engine tests
))
\Gm@cnth=\count270
\Gm@cntv=\count271
\c@Gm@tempcnt=\count272
\Gm@bindingoffset=\dimen145
\Gm@wd@mp=\dimen146
\Gm@odd@mp=\dimen147
\Gm@even@mp=\dimen148
\Gm@layoutwidth=\dimen149
\Gm@layoutheight=\dimen150
\Gm@layouthoffset=\dimen151
\Gm@layoutvoffset=\dimen152
\Gm@dimlist=\toks21

(C:\Users\15147\AppData\Local\Programs\MiKTeX\tex/latex/geometry\geometry.cfg))
(C:\Users\15147\AppData\Local\Programs\MiKTeX\tex/latex/pdfpages\pdfpages.sty
Package: pdfpages 2021/03/06 v0.5t Insert pages of external PDF documents (AM)

(C:\Users\15147\AppData\Local\Programs\MiKTeX\tex/latex/tools\calc.sty
Package: calc 2017/05/25 v4.3 Infix arithmetic (KKT,FJ)
\calc@Acount=\count273
\calc@Bcount=\count274
\calc@Adimen=\dimen153
\calc@Bdimen=\dimen154
\calc@Askip=\skip51
\calc@Bskip=\skip52
LaTeX Info: Redefining \setlength on input line 80.
LaTeX Info: Redefining \addtolength on input line 81.
\calc@Ccount=\count275
\calc@Cskip=\skip53
)
(C:\Users\15147\AppData\Local\Programs\MiKTeX\tex/latex/eso-pic\eso-pic.sty
Package: eso-pic 2020/10/14 v3.0a eso-pic (RN)
\ESO@tempdima=\dimen155
\ESO@tempdimb=\dimen156

(C:\Users\15147\AppData\Local\Programs\MiKTeX\tex/latex/xcolor\xcolor.sty
Package: xcolor 2016/05/11 v2.12 LaTeX color extensions (UK)

(C:\Users\15147\AppData\Local\Programs\MiKTeX\tex/latex/graphics-cfg\color.cfg
File: color.cfg 2016/01/02 v1.6 sample color configuration
)
Package xcolor Info: Driver file: pdftex.def on input line 225.
Package xcolor Info: Model `cmy' substituted by `cmy0' on input line 1348.
Package xcolor Info: Model `hsb' substituted by `rgb' on input line 1352.
Package xcolor Info: Model `RGB' extended on input line 1364.
Package xcolor Info: Model `HTML' substituted by `rgb' on input line 1366.
Package xcolor Info: Model `Hsb' substituted by `hsb' on input line 1367.
Package xcolor Info: Model `tHsb' substituted by `hsb' on input line 1368.
Package xcolor Info: Model `HSB' substituted by `hsb' on input line 1369.
Package xcolor Info: Model `Gray' substituted by `gray' on input line 1370.
Package xcolor Info: Model `wave' substituted by `hsb' on input line 1371.
))
\AM@pagewidth=\dimen157
\AM@pageheight=\dimen158
\AM@fboxrule=\dimen159

(C:\Users\15147\AppData\Local\Programs\MiKTeX\tex/latex/pdfpages\pppdftex.def
File: pppdftex.def 2021/03/06 v0.5t Pdfpages driver for pdfTeX (AM)
)
\pdfpages@includegraphics@status=\count276
\AM@pagebox=\box54
\AM@global@opts=\toks22
\AM@pagecnt=\count277
\AM@toc@title=\toks23
\c@AM@survey=\count278
\AM@templatesizebox=\box55
)
(C:\Users\15147\AppData\Local\Programs\MiKTeX\tex/latex/l3backend\l3backend-pdf
tex.def
File: l3backend-pdftex.def 2021-08-04 L3 backend support: PDF output (pdfTeX)
\l__color_backend_stack_int=\count279
\l__pdf_internal_box=\box56
) (document.aux)
\openout1 = `document.aux'.

LaTeX Font Info:    Checking defaults for OML/cmm/m/it on input line 18.
LaTeX Font Info:    ... okay on input line 18.
LaTeX Font Info:    Checking defaults for OMS/cmsy/m/n on input line 18.
LaTeX Font Info:    ... okay on input line 18.
LaTeX Font Info:    Checking defaults for OT1/cmr/m/n on input line 18.
LaTeX Font Info:    ... okay on input line 18.
LaTeX Font Info:    Checking defaults for T1/cmr/m/n on input line 18.
LaTeX Font Info:    ... okay on input line 18.
LaTeX Font Info:    Checking defaults for TS1/cmr/m/n on input line 18.
LaTeX Font Info:    ... okay on input line 18.
LaTeX Font Info:    Checking defaults for OMX/cmex/m/n on input line 18.
LaTeX Font Info:    ... okay on input line 18.
LaTeX Font Info:    Checking defaults for U/cmr/m/n on input line 18.
LaTeX Font Info:    ... okay on input line 18.
\c@lstlisting=\count280

(C:\Users\15147\AppData\Local\Programs\MiKTeX\tex/context/base/mkii\supp-pdf.mk
ii
[Loading MPS to PDF converter (version 2006.09.02).]
\scratchcounter=\count281
\scratchdimen=\dimen160
\scratchbox=\box57
\nofMPsegments=\count282
\nofMParguments=\count283
\everyMPshowfont=\toks24
\MPscratchCnt=\count284
\MPscratchDim=\dimen161
\MPnumerator=\count285
\makeMPintoPDFobject=\count286
\everyMPtoPDFconversion=\toks25
)
(C:\Users\15147\AppData\Local\Programs\MiKTeX\tex/latex/epstopdf-pkg\epstopdf-b
ase.sty
Package: epstopdf-base 2020-01-24 v2.11 Base part for package epstopdf
Package epstopdf-base Info: Redefining graphics rule for `.eps' on input line 4
85.

(C:\Users\15147\AppData\Local\Programs\MiKTeX\tex/latex/00miktex\epstopdf-sys.c
fg
File: epstopdf-sys.cfg 2021/03/18 v2.0 Configuration of epstopdf for MiKTeX
))
*geometry* driver: auto-detecting
*geometry* detected driver: pdftex
*geometry* verbose mode - [ preamble ] result:
* driver: pdftex
* paper: <default>
* layout: <same size as paper>
* layoutoffset:(h,v)=(0.0pt,0.0pt)
* modes: 
* h-part:(L,W,R)=(42.67912pt, 514.71037pt, 56.9055pt)
* v-part:(T,H,B)=(42.67912pt, 709.61174pt, 42.67912pt)
* \paperwidth=614.295pt
* \paperheight=794.96999pt
* \textwidth=514.71037pt
* \textheight=709.61174pt
* \oddsidemargin=-29.59087pt
* \evensidemargin=-29.59087pt
* \topmargin=-66.59087pt
* \headheight=12.0pt
* \headsep=25.0pt
* \topskip=10.0pt
* \footskip=30.0pt
* \marginparwidth=65.0pt
* \marginparsep=11.0pt
* \columnsep=10.0pt
* \skip\footins=9.0pt plus 4.0pt minus 2.0pt
* \hoffset=0.0pt
* \voffset=0.0pt
* \mag=1000
* \@twocolumnfalse
* \@twosidefalse
* \@mparswitchfalse
* \@reversemarginfalse
* (1in=72.27pt=25.4mm, 1cm=28.453pt)


(C:\Users\15147\AppData\Local\Programs\MiKTeX\tex/latex/pdflscape\pdflscape.sty
Package: pdflscape 2019/12/05 v0.12 Display of landscape pages in PDF (HO)
(C:\Users\15147\AppData\Local\Programs\MiKTeX\tex/latex/graphics\lscape.sty
Package: lscape 2020/05/28 v3.02 Landscape Pages (DPC)
)
Package pdflscape Info: Auto-detected driver: pdftex on input line 81.
)

pdfTeX warning: pdflatex.exe (file ../HW3.pdf): PDF inclusion: found PDF versio
n <1.7>, but at most version <1.5> allowed
<../HW3.pdf, id=1, 409.53pt x 544.0325pt>
File: ../HW3.pdf Graphic file (type pdf)
<use ../HW3.pdf>
Package pdftex.def Info: ../HW3.pdf  used on input line 20.
(pdftex.def)             Requested size: 409.52899pt x 544.03117pt.


pdfTeX warning: pdflatex.exe (file ../HW3.pdf): PDF inclusion: found PDF versio
n <1.7>, but at most version <1.5> allowed
File: ../HW3.pdf Graphic file (type pdf)
<use ../HW3.pdf>
Package pdftex.def Info: ../HW3.pdf  used on input line 20.
(pdftex.def)             Requested size: 409.52899pt x 544.03117pt.


pdfTeX warning: pdflatex.exe (file ../HW3.pdf): PDF inclusion: found PDF versio
n <1.7>, but at most version <1.5> allowed


pdfTeX warning: pdflatex.exe (file ../HW3.pdf): PDF inclusion: found PDF versio
n <1.7>, but at most version <1.5> allowed
<../HW3.pdf, id=4, page=1, 409.53pt x 544.0325pt>
File: ../HW3.pdf Graphic file (type pdf)
<use ../HW3.pdf, page 1>
Package pdftex.def Info: ../HW3.pdf , page1 used on input line 20.
(pdftex.def)             Requested size: 409.52899pt x 544.03117pt.
File: ../HW3.pdf Graphic file (type pdf)
<use ../HW3.pdf, page 1>
Package pdftex.def Info: ../HW3.pdf , page1 used on input line 20.
(pdftex.def)             Requested size: 598.45872pt x 795.01137pt.
File: ../HW3.pdf Graphic file (type pdf)
<use ../HW3.pdf, page 1>
Package pdftex.def Info: ../HW3.pdf , page1 used on input line 20.
(pdftex.def)             Requested size: 598.45872pt x 795.01137pt.
File: ../HW3.pdf Graphic file (type pdf)
<use ../HW3.pdf, page 1>
Package pdftex.def Info: ../HW3.pdf , page1 used on input line 20.
(pdftex.def)             Requested size: 598.45872pt x 795.01137pt.
File: ../HW3.pdf Graphic file (type pdf)
<use ../HW3.pdf, page 1>
Package pdftex.def Info: ../HW3.pdf , page1 used on input line 20.
(pdftex.def)             Requested size: 598.45872pt x 795.01137pt.
[1


Non-PDF special ignored!
<special> papersize=8.5in,11in
 <../HW3.pdf>]
Underfull \hbox (badness 10000) in paragraph at lines 26--27

 []


Underfull \hbox (badness 10000) in paragraph at lines 28--29

 []


Underfull \hbox (badness 10000) in paragraph at lines 30--31

 []


Underfull \hbox (badness 10000) in paragraph at lines 32--33

 []


Underfull \hbox (badness 10000) in paragraph at lines 34--35

 []


Underfull \hbox (badness 10000) in paragraph at lines 36--37

 []


Underfull \hbox (badness 10000) in paragraph at lines 38--39

 []


Underfull \hbox (badness 10000) in paragraph at lines 40--41

 []

[2{C:/Users/15147/AppData/Local/MiKTeX/pdftex/config/pdftex.map}]
Underfull \hbox (badness 10000) in paragraph at lines 46--47

 []

LaTeX Font Info:    Trying to load font information for OML+cmr on input line 5
1.
(C:\Users\15147\AppData\Local\Programs\MiKTeX\tex/latex/base\omlcmr.fd
File: omlcmr.fd 2019/12/16 v2.5j Standard LaTeX font definitions
)
LaTeX Font Info:    Font shape `OML/cmr/m/n' in size <10> not available
(Font)              Font shape `OML/cmm/m/it' tried instead on input line 51.
<../screen/p1.png, id=17, 1445.4pt x 813.0375pt>
File: ../screen/p1.png Graphic file (type png)
<use ../screen/p1.png>
Package pdftex.def Info: ../screen/p1.png  used on input line 56.
(pdftex.def)             Requested size: 514.71037pt x 289.51735pt.
LaTeX Font Info:    External font `cmex10' loaded for size
(Font)              <7> on input line 61.
LaTeX Font Info:    External font `cmex10' loaded for size
(Font)              <5> on input line 61.

Underfull \hbox (badness 10000) in paragraph at lines 61--62

 []


Overfull \hbox (97.29585pt too wide) in paragraph at lines 64--65
[][][][][][][][][][][][][][][][][][][][][][][][][][][][] 
 []

<../screen/p2.png, id=18, 1445.4pt x 813.0375pt>
File: ../screen/p2.png Graphic file (type png)
<use ../screen/p2.png>
Package pdftex.def Info: ../screen/p2.png  used on input line 75.
(pdftex.def)             Requested size: 514.71037pt x 289.51735pt.
[3

 <../screen/p1.png>]
Underfull \hbox (badness 10000) in paragraph at lines 80--81

 []


Overfull \hbox (1.29488pt too wide) in paragraph at lines 84--85
[][][][][][][][][][][][][][][][][][][][][][][][][][][][][] 
 []


Overfull \hbox (55.29543pt too wide) in paragraph at lines 86--87
[][][][][][][][][][][][][][][][][][][][][][][][][][][][][][][][][][][][][][][][
][] 
 []

<../screen/p3.png, id=25, 1445.4pt x 813.0375pt>
File: ../screen/p3.png Graphic file (type png)
<use ../screen/p3.png>
Package pdftex.def Info: ../screen/p3.png  used on input line 99.
(pdftex.def)             Requested size: 514.71037pt x 289.51735pt.
[4 <../screen/p2.png>]
Underfull \hbox (badness 10000) in paragraph at lines 104--105

 []

<../screen/p4.png, id=29, 1445.4pt x 813.0375pt>
File: ../screen/p4.png Graphic file (type png)
<use ../screen/p4.png>
Package pdftex.def Info: ../screen/p4.png  used on input line 116.
(pdftex.def)             Requested size: 411.76987pt x 231.61885pt.

Underfull \hbox (badness 10000) in paragraph at lines 121--122

 []

[5 <../screen/p3.png> <../screen/p4.png>]
<../screen/p5.png, id=33, 1445.4pt x 813.0375pt>
File: ../screen/p5.png Graphic file (type png)
<use ../screen/p5.png>
Package pdftex.def Info: ../screen/p5.png  used on input line 131.
(pdftex.def)             Requested size: 514.71037pt x 289.51735pt.

Underfull \hbox (badness 10000) in paragraph at lines 136--137

 []

<../screen/p6.png, id=34, 1445.4pt x 813.0375pt>
File: ../screen/p6.png Graphic file (type png)
<use ../screen/p6.png>
Package pdftex.def Info: ../screen/p6.png  used on input line 152.
(pdftex.def)             Requested size: 463.23619pt x 260.5619pt.
[6 <../screen/p5.png>]
Underfull \hbox (badness 10000) in paragraph at lines 157--158

 []


Overfull \hbox (49.29536pt too wide) in paragraph at lines 163--164
[][][][][][][][][][][][][][][][][][][][][][][][][][][][][][][][][][][] 
 []

<../screen/p7.png, id=38, 1445.4pt x 813.0375pt>
File: ../screen/p7.png Graphic file (type png)
<use ../screen/p7.png>
Package pdftex.def Info: ../screen/p7.png  used on input line 168.
(pdftex.def)             Requested size: 463.23619pt x 260.5619pt.

Underfull \hbox (badness 10000) in paragraph at lines 173--174

 []

[7 <../screen/p6.png> <../screen/p7.png>]
Overfull \hbox (37.29524pt too wide) in paragraph at lines 179--180
[][][][][][][][][][][][][][][][][][][][][][][][][][][][][][] 
 []

<../screen/p8.png, id=43, 1445.4pt x 813.0375pt>
File: ../screen/p8.png Graphic file (type png)
<use ../screen/p8.png>
Package pdftex.def Info: ../screen/p8.png  used on input line 186.
(pdftex.def)             Requested size: 514.71037pt x 289.51735pt.

Underfull \hbox (badness 10000) in paragraph at lines 191--192

 []


Overfull \hbox (7.29494pt too wide) in paragraph at lines 198--199
[][][][][][][][][][][][][][][][][][][][][][][][][][] 
 []

<../screen/p9.png, id=44, 1445.4pt x 813.0375pt>
File: ../screen/p9.png Graphic file (type png)
<use ../screen/p9.png>
Package pdftex.def Info: ../screen/p9.png  used on input line 204.
(pdftex.def)             Requested size: 411.76987pt x 231.61885pt.
[8 <../screen/p8.png>]
Underfull \hbox (badness 10000) in paragraph at lines 209--210

 []

<../screen/p10.png, id=48, 1445.4pt x 813.0375pt>
File: ../screen/p10.png Graphic file (type png)
<use ../screen/p10.png>
Package pdftex.def Info: ../screen/p10.png  used on input line 227.
(pdftex.def)             Requested size: 386.03278pt x 217.14111pt.

Underfull \hbox (badness 10000) in paragraph at lines 232--233

 []

[9 <../screen/p9.png> <../screen/p10.png>]
<../screen/p11.png, id=52, 1445.4pt x 813.0375pt>
File: ../screen/p11.png Graphic file (type png)
<use ../screen/p11.png>
Package pdftex.def Info: ../screen/p11.png  used on input line 253.
(pdftex.def)             Requested size: 514.71037pt x 289.51735pt.

Underfull \hbox (badness 10000) in paragraph at lines 258--259

 []

<../screen/p12.png, id=53, 1445.4pt x 813.0375pt>
File: ../screen/p12.png Graphic file (type png)
<use ../screen/p12.png>
Package pdftex.def Info: ../screen/p12.png  used on input line 272.
(pdftex.def)             Requested size: 437.50696pt x 246.09657pt.
[10 <../screen/p11.png>]
Underfull \hbox (badness 10000) in paragraph at lines 277--278

 []

<../screen/p13.png, id=57, 1445.4pt x 813.0375pt>
File: ../screen/p13.png Graphic file (type png)
<use ../screen/p13.png>
Package pdftex.def Info: ../screen/p13.png  used on input line 292.
(pdftex.def)             Requested size: 437.50696pt x 246.09657pt.

Underfull \hbox (badness 10000) in paragraph at lines 297--298

 []

[11 <../screen/p12.png> <../screen/p13.png>]
<../screen/p14.png, id=61, 1445.4pt x 813.0375pt>
File: ../screen/p14.png Graphic file (type png)
<use ../screen/p14.png>
Package pdftex.def Info: ../screen/p14.png  used on input line 314.
(pdftex.def)             Requested size: 514.71037pt x 289.51735pt.

Underfull \hbox (badness 10000) in paragraph at lines 319--320

 []

<../screen/p15.png, id=62, 1445.4pt x 813.0375pt>
File: ../screen/p15.png Graphic file (type png)
<use ../screen/p15.png>
Package pdftex.def Info: ../screen/p15.png  used on input line 334.
(pdftex.def)             Requested size: 473.5326pt x 266.35547pt.
[12 <../screen/p14.png>]
Underfull \hbox (badness 10000) in paragraph at lines 339--340

 []

<../screen/p16.png, id=66, 1445.4pt x 813.0375pt>
File: ../screen/p16.png Graphic file (type png)
<use ../screen/p16.png>
Package pdftex.def Info: ../screen/p16.png  used on input line 350.
(pdftex.def)             Requested size: 488.97328pt x 275.03963pt.

Underfull \hbox (badness 10000) in paragraph at lines 355--356

 []

[13 <../screen/p15.png> <../screen/p16.png>]
<../screen/p17.png, id=71, 1445.4pt x 813.0375pt>
File: ../screen/p17.png Graphic file (type png)
<use ../screen/p17.png>
Package pdftex.def Info: ../screen/p17.png  used on input line 376.
(pdftex.def)             Requested size: 514.71037pt x 289.51735pt.

Underfull \hbox (badness 10000) in paragraph at lines 381--382

 []

<../screen/p18.png, id=72, 1445.4pt x 813.0375pt>
File: ../screen/p18.png Graphic file (type png)
<use ../screen/p18.png>
Package pdftex.def Info: ../screen/p18.png  used on input line 394.
(pdftex.def)             Requested size: 463.23619pt x 260.5619pt.
[14 <../screen/p17.png>]
Underfull \hbox (badness 10000) in paragraph at lines 399--400

 []

<../screen/p19.png, id=76, 1445.4pt x 813.0375pt>
File: ../screen/p19.png Graphic file (type png)
<use ../screen/p19.png>
Package pdftex.def Info: ../screen/p19.png  used on input line 411.
(pdftex.def)             Requested size: 463.23619pt x 260.5619pt.

Underfull \hbox (badness 10000) in paragraph at lines 416--417

 []

[15 <../screen/p18.png> <../screen/p19.png>]
<../screen/p20.png, id=80, 1445.4pt x 813.0375pt>
File: ../screen/p20.png Graphic file (type png)
<use ../screen/p20.png>
Package pdftex.def Info: ../screen/p20.png  used on input line 430.
(pdftex.def)             Requested size: 360.29568pt x 202.66339pt.

Underfull \hbox (badness 10000) in paragraph at lines 435--436

 []

<../screen/p21.png, id=81, 1445.4pt x 813.0375pt>
File: ../screen/p21.png Graphic file (type png)
<use ../screen/p21.png>
Package pdftex.def Info: ../screen/p21.png  used on input line 445.
(pdftex.def)             Requested size: 360.29568pt x 202.66339pt.

Underfull \hbox (badness 10000) in paragraph at lines 450--451

 []

[16 <../screen/p20.png> <../screen/p21.png>]
<../screen/p22.png, id=85, 1445.4pt x 813.0375pt>
File: ../screen/p22.png Graphic file (type png)
<use ../screen/p22.png>
Package pdftex.def Info: ../screen/p22.png  used on input line 469.
(pdftex.def)             Requested size: 514.71037pt x 289.51735pt.

Underfull \hbox (badness 10000) in paragraph at lines 474--475

 []

<../screen/p23.png, id=86, 1445.4pt x 813.0375pt>
File: ../screen/p23.png Graphic file (type png)
<use ../screen/p23.png>
Package pdftex.def Info: ../screen/p23.png  used on input line 489.
(pdftex.def)             Requested size: 447.7955pt x 251.87775pt.
[17 <../screen/p22.png>]
Underfull \hbox (badness 10000) in paragraph at lines 494--495

 []

<../screen/p24.png, id=90, 1445.4pt x 813.0375pt>
File: ../screen/p24.png Graphic file (type png)
<use ../screen/p24.png>
Package pdftex.def Info: ../screen/p24.png  used on input line 507.
(pdftex.def)             Requested size: 447.7955pt x 251.87775pt.

Underfull \hbox (badness 10000) in paragraph at lines 512--513

 []

[18 <../screen/p23.png> <../screen/p24.png>]
<../screen/p25.png, id=94, 1445.4pt x 813.0375pt>
File: ../screen/p25.png Graphic file (type png)
<use ../screen/p25.png>
Package pdftex.def Info: ../screen/p25.png  used on input line 526.
(pdftex.def)             Requested size: 514.71037pt x 289.51735pt.
 [19 <../screen/p25.png>]
Underfull \hbox (badness 10000) in paragraph at lines 535--536

 []


Underfull \hbox (badness 10000) in paragraph at lines 569--570

 []


Underfull \hbox (badness 10000) in paragraph at lines 587--588

 []


Underfull \hbox (badness 10000) in paragraph at lines 615--616

 []


Underfull \hbox (badness 10000) in paragraph at lines 634--635

 []

[20

]
Underfull \hbox (badness 10000) in paragraph at lines 654--655

 []

[21] (document.aux) ) 
Here is how much of TeX's memory you used:
 5183 strings out of 478927
 76455 string characters out of 2852535
 401596 words of memory out of 3000000
 22986 multiletter control sequences out of 15000+600000
 404975 words of font info for 32 fonts, out of 8000000 for 9000
 1141 hyphenation exceptions out of 8191
 62i,17n,75p,685b,1253s stack positions out of 5000i,500n,10000p,200000b,80000s
 <C:\Users\15147\AppData\Local\MiKTeX\fonts/pk/ljfour/jkna
ppen/ec/dpi600\tcrm1000.pk><C:/Users/15147/AppData/Local/Programs/MiKTeX/fonts/
type1/public/amsfonts/cm/cmbx12.pfb><C:/Users/15147/AppData/Local/Programs/MiKT
eX/fonts/type1/public/amsfonts/cm/cmmi10.pfb><C:/Users/15147/AppData/Local/Prog
rams/MiKTeX/fonts/type1/public/amsfonts/cm/cmr10.pfb><C:/Users/15147/AppData/Lo
cal/Programs/MiKTeX/fonts/type1/public/amsfonts/cm/cmr7.pfb><C:/Users/15147/App
Data/Local/Programs/MiKTeX/fonts/type1/public/amsfonts/cm/cmsy10.pfb>
Output written on document.pdf (21 pages, 2987492 bytes).
PDF statistics:
 133 PDF objects out of 1000 (max. 8388607)
 0 named destinations out of 1000 (max. 500000)
 146 words of extra memory for PDF output out of 10000 (max. 10000000)

