This is pdfTeX, Version 3.141592653-2.6-1.40.23 (MiKTeX 21.8) (preloaded format=pdflatex 2021.9.22)  26 SEP 2021 18:14
entering extended mode
**./document.tex
(document.tex
LaTeX2e <2021-06-01> patch level 1
L3 programming layer <2021-08-27>
(C:\Users\15147\AppData\Local\Programs\MiKTeX\tex/latex/base\article.cls
Document Class: article 2021/02/12 v1.4n Standard LaTeX document class
(C:\Users\15147\AppData\Local\Programs\MiKTeX\tex/latex/base\size10.clo
File: size10.clo 2021/02/12 v1.4n Standard LaTeX file (size option)
)
\c@part=\count182
\c@section=\count183
\c@subsection=\count184
\c@subsubsection=\count185
\c@paragraph=\count186
\c@subparagraph=\count187
\c@figure=\count188
\c@table=\count189
\abovecaptionskip=\skip47
\belowcaptionskip=\skip48
\bibindent=\dimen138
)
(C:\Users\15147\AppData\Local\Programs\MiKTeX\tex/latex/listings\listings.sty
(C:\Users\15147\AppData\Local\Programs\MiKTeX\tex/latex/graphics\keyval.sty
Package: keyval 2014/10/28 v1.15 key=value parser (DPC)
\KV@toks@=\toks16
)
\lst@mode=\count190
\lst@gtempboxa=\box50
\lst@token=\toks17
\lst@length=\count191
\lst@currlwidth=\dimen139
\lst@column=\count192
\lst@pos=\count193
\lst@lostspace=\dimen140
\lst@width=\dimen141
\lst@newlines=\count194
\lst@lineno=\count195
\lst@maxwidth=\dimen142

(C:\Users\15147\AppData\Local\Programs\MiKTeX\tex/latex/listings\lstmisc.sty
File: lstmisc.sty 2020/03/24 1.8d (Carsten Heinz)
\c@lstnumber=\count196
\lst@skipnumbers=\count197
\lst@framebox=\box51
)
(C:\Users\15147\AppData\Local\Programs\MiKTeX\tex/latex/listings\listings.cfg
File: listings.cfg 2020/03/24 1.8d listings configuration
))
Package: listings 2020/03/24 1.8d (Carsten Heinz)

(C:\Users\15147\AppData\Local\Programs\MiKTeX\tex/latex/algorithms\algorithm.st
y
Package: algorithm 2009/08/24 v0.1 Document Style `algorithm' - floating enviro
nment
 (C:\Users\15147\AppData\Local\Programs\MiKTeX\tex/latex/float\float.sty
Package: float 2001/11/08 v1.3d Float enhancements (AL)
\c@float@type=\count198
\float@exts=\toks18
\float@box=\box52
\@float@everytoks=\toks19
\@floatcapt=\box53
)
(C:\Users\15147\AppData\Local\Programs\MiKTeX\tex/latex/base\ifthen.sty
Package: ifthen 2020/11/24 v1.1c Standard LaTeX ifthen package (DPC)
)
\@float@every@algorithm=\toks20
\c@algorithm=\count199
)
(C:\Users\15147\AppData\Local\Programs\MiKTeX\tex/latex/algorithms\algorithmic.
sty
Package: algorithmic 2009/08/24 v0.1 Document Style `algorithmic'
\c@ALC@unique=\count266
\c@ALC@line=\count267
\c@ALC@rem=\count268
\c@ALC@depth=\count269
\ALC@tlm=\skip49
\algorithmicindent=\skip50
)
(C:\Users\15147\AppData\Local\Programs\MiKTeX\tex/latex/graphics\graphicx.sty
Package: graphicx 2020/12/05 v1.2c Enhanced LaTeX Graphics (DPC,SPQR)

(C:\Users\15147\AppData\Local\Programs\MiKTeX\tex/latex/graphics\graphics.sty
Package: graphics 2021/03/04 v1.4d Standard LaTeX Graphics (DPC,SPQR)

(C:\Users\15147\AppData\Local\Programs\MiKTeX\tex/latex/graphics\trig.sty
Package: trig 2016/01/03 v1.10 sin cos tan (DPC)
)
(C:\Users\15147\AppData\Local\Programs\MiKTeX\tex/latex/graphics-cfg\graphics.c
fg
File: graphics.cfg 2016/06/04 v1.11 sample graphics configuration
)
Package graphics Info: Driver file: pdftex.def on input line 107.

(C:\Users\15147\AppData\Local\Programs\MiKTeX\tex/latex/graphics-def\pdftex.def
File: pdftex.def 2020/10/05 v1.2a Graphics/color driver for pdftex
))
\Gin@req@height=\dimen143
\Gin@req@width=\dimen144
)
(C:\Users\15147\AppData\Local\Programs\MiKTeX\tex/latex/geometry\geometry.sty
Package: geometry 2020/01/02 v5.9 Page Geometry

(C:\Users\15147\AppData\Local\Programs\MiKTeX\tex/generic/iftex\ifvtex.sty
Package: ifvtex 2019/10/25 v1.7 ifvtex legacy package. Use iftex instead.

(C:\Users\15147\AppData\Local\Programs\MiKTeX\tex/generic/iftex\iftex.sty
Package: iftex 2020/03/06 v1.0d TeX engine tests
))
\Gm@cnth=\count270
\Gm@cntv=\count271
\c@Gm@tempcnt=\count272
\Gm@bindingoffset=\dimen145
\Gm@wd@mp=\dimen146
\Gm@odd@mp=\dimen147
\Gm@even@mp=\dimen148
\Gm@layoutwidth=\dimen149
\Gm@layoutheight=\dimen150
\Gm@layouthoffset=\dimen151
\Gm@layoutvoffset=\dimen152
\Gm@dimlist=\toks21

(C:\Users\15147\AppData\Local\Programs\MiKTeX\tex/latex/geometry\geometry.cfg))
(C:\Users\15147\AppData\Local\Programs\MiKTeX\tex/latex/pdfpages\pdfpages.sty
Package: pdfpages 2021/03/06 v0.5t Insert pages of external PDF documents (AM)

(C:\Users\15147\AppData\Local\Programs\MiKTeX\tex/latex/tools\calc.sty
Package: calc 2017/05/25 v4.3 Infix arithmetic (KKT,FJ)
\calc@Acount=\count273
\calc@Bcount=\count274
\calc@Adimen=\dimen153
\calc@Bdimen=\dimen154
\calc@Askip=\skip51
\calc@Bskip=\skip52
LaTeX Info: Redefining \setlength on input line 80.
LaTeX Info: Redefining \addtolength on input line 81.
\calc@Ccount=\count275
\calc@Cskip=\skip53
)
(C:\Users\15147\AppData\Local\Programs\MiKTeX\tex/latex/eso-pic\eso-pic.sty
Package: eso-pic 2020/10/14 v3.0a eso-pic (RN)
\ESO@tempdima=\dimen155
\ESO@tempdimb=\dimen156

(C:\Users\15147\AppData\Local\Programs\MiKTeX\tex/latex/xcolor\xcolor.sty
Package: xcolor 2016/05/11 v2.12 LaTeX color extensions (UK)

(C:\Users\15147\AppData\Local\Programs\MiKTeX\tex/latex/graphics-cfg\color.cfg
File: color.cfg 2016/01/02 v1.6 sample color configuration
)
Package xcolor Info: Driver file: pdftex.def on input line 225.
Package xcolor Info: Model `cmy' substituted by `cmy0' on input line 1348.
Package xcolor Info: Model `hsb' substituted by `rgb' on input line 1352.
Package xcolor Info: Model `RGB' extended on input line 1364.
Package xcolor Info: Model `HTML' substituted by `rgb' on input line 1366.
Package xcolor Info: Model `Hsb' substituted by `hsb' on input line 1367.
Package xcolor Info: Model `tHsb' substituted by `hsb' on input line 1368.
Package xcolor Info: Model `HSB' substituted by `hsb' on input line 1369.
Package xcolor Info: Model `Gray' substituted by `gray' on input line 1370.
Package xcolor Info: Model `wave' substituted by `hsb' on input line 1371.
))
\AM@pagewidth=\dimen157
\AM@pageheight=\dimen158
\AM@fboxrule=\dimen159

(C:\Users\15147\AppData\Local\Programs\MiKTeX\tex/latex/pdfpages\pppdftex.def
File: pppdftex.def 2021/03/06 v0.5t Pdfpages driver for pdfTeX (AM)
)
\pdfpages@includegraphics@status=\count276
\AM@pagebox=\box54
\AM@global@opts=\toks22
\AM@pagecnt=\count277
\AM@toc@title=\toks23
\c@AM@survey=\count278
\AM@templatesizebox=\box55
)
(C:\Users\15147\AppData\Local\Programs\MiKTeX\tex/latex/l3backend\l3backend-pdf
tex.def
File: l3backend-pdftex.def 2021-08-04 L3 backend support: PDF output (pdfTeX)
\l__color_backend_stack_int=\count279
\l__pdf_internal_box=\box56
) (document.aux)
\openout1 = `document.aux'.

LaTeX Font Info:    Checking defaults for OML/cmm/m/it on input line 18.
LaTeX Font Info:    ... okay on input line 18.
LaTeX Font Info:    Checking defaults for OMS/cmsy/m/n on input line 18.
LaTeX Font Info:    ... okay on input line 18.
LaTeX Font Info:    Checking defaults for OT1/cmr/m/n on input line 18.
LaTeX Font Info:    ... okay on input line 18.
LaTeX Font Info:    Checking defaults for T1/cmr/m/n on input line 18.
LaTeX Font Info:    ... okay on input line 18.
LaTeX Font Info:    Checking defaults for TS1/cmr/m/n on input line 18.
LaTeX Font Info:    ... okay on input line 18.
LaTeX Font Info:    Checking defaults for OMX/cmex/m/n on input line 18.
LaTeX Font Info:    ... okay on input line 18.
LaTeX Font Info:    Checking defaults for U/cmr/m/n on input line 18.
LaTeX Font Info:    ... okay on input line 18.
\c@lstlisting=\count280

(C:\Users\15147\AppData\Local\Programs\MiKTeX\tex/context/base/mkii\supp-pdf.mk
ii
[Loading MPS to PDF converter (version 2006.09.02).]
\scratchcounter=\count281
\scratchdimen=\dimen160
\scratchbox=\box57
\nofMPsegments=\count282
\nofMParguments=\count283
\everyMPshowfont=\toks24
\MPscratchCnt=\count284
\MPscratchDim=\dimen161
\MPnumerator=\count285
\makeMPintoPDFobject=\count286
\everyMPtoPDFconversion=\toks25
)
(C:\Users\15147\AppData\Local\Programs\MiKTeX\tex/latex/epstopdf-pkg\epstopdf-b
ase.sty
Package: epstopdf-base 2020-01-24 v2.11 Base part for package epstopdf
Package epstopdf-base Info: Redefining graphics rule for `.eps' on input line 4
85.

(C:\Users\15147\AppData\Local\Programs\MiKTeX\tex/latex/00miktex\epstopdf-sys.c
fg
File: epstopdf-sys.cfg 2021/03/18 v2.0 Configuration of epstopdf for MiKTeX
))
*geometry* driver: auto-detecting
*geometry* detected driver: pdftex
*geometry* verbose mode - [ preamble ] result:
* driver: pdftex
* paper: <default>
* layout: <same size as paper>
* layoutoffset:(h,v)=(0.0pt,0.0pt)
* modes: 
* h-part:(L,W,R)=(56.9055pt, 500.484pt, 56.9055pt)
* v-part:(T,H,B)=(42.67912pt, 709.61174pt, 42.67912pt)
* \paperwidth=614.295pt
* \paperheight=794.96999pt
* \textwidth=500.484pt
* \textheight=709.61174pt
* \oddsidemargin=-15.36449pt
* \evensidemargin=-15.36449pt
* \topmargin=-66.59087pt
* \headheight=12.0pt
* \headsep=25.0pt
* \topskip=10.0pt
* \footskip=30.0pt
* \marginparwidth=65.0pt
* \marginparsep=11.0pt
* \columnsep=10.0pt
* \skip\footins=9.0pt plus 4.0pt minus 2.0pt
* \hoffset=0.0pt
* \voffset=0.0pt
* \mag=1000
* \@twocolumnfalse
* \@twosidefalse
* \@mparswitchfalse
* \@reversemarginfalse
* (1in=72.27pt=25.4mm, 1cm=28.453pt)


(C:\Users\15147\AppData\Local\Programs\MiKTeX\tex/latex/pdflscape\pdflscape.sty
Package: pdflscape 2019/12/05 v0.12 Display of landscape pages in PDF (HO)
(C:\Users\15147\AppData\Local\Programs\MiKTeX\tex/latex/graphics\lscape.sty
Package: lscape 2020/05/28 v3.02 Landscape Pages (DPC)
)
Package pdflscape Info: Auto-detected driver: pdftex on input line 81.
)

pdfTeX warning: pdflatex.exe (file ./document-H1/Homework.pdf): PDF inclusion: 
found PDF version <1.7>, but at most version <1.5> allowed
<./document-H1/Homework.pdf, id=1, 409.53pt x 544.0325pt>
File: ./document-H1/Homework.pdf Graphic file (type pdf)
<use ./document-H1/Homework.pdf>
Package pdftex.def Info: ./document-H1/Homework.pdf  used on input line 20.
(pdftex.def)             Requested size: 409.52899pt x 544.03117pt.


pdfTeX warning: pdflatex.exe (file ./document-H1/Homework.pdf): PDF inclusion: 
found PDF version <1.7>, but at most version <1.5> allowed
File: ./document-H1/Homework.pdf Graphic file (type pdf)
<use ./document-H1/Homework.pdf>
Package pdftex.def Info: ./document-H1/Homework.pdf  used on input line 20.
(pdftex.def)             Requested size: 409.52899pt x 544.03117pt.


pdfTeX warning: pdflatex.exe (file ./document-H1/Homework.pdf): PDF inclusion: 
found PDF version <1.7>, but at most version <1.5> allowed


pdfTeX warning: pdflatex.exe (file ./document-H1/Homework.pdf): PDF inclusion: 
found PDF version <1.7>, but at most version <1.5> allowed
<./document-H1/Homework.pdf, id=4, page=1, 409.53pt x 544.0325pt>
File: ./document-H1/Homework.pdf Graphic file (type pdf)
<use ./document-H1/Homework.pdf, page 1>
Package pdftex.def Info: ./document-H1/Homework.pdf , page1 used on input line 
20.
(pdftex.def)             Requested size: 409.52899pt x 544.03117pt.
File: ./document-H1/Homework.pdf Graphic file (type pdf)
<use ./document-H1/Homework.pdf, page 1>
Package pdftex.def Info: ./document-H1/Homework.pdf , page1 used on input line 
20.
(pdftex.def)             Requested size: 598.45872pt x 795.01137pt.
File: ./document-H1/Homework.pdf Graphic file (type pdf)
<use ./document-H1/Homework.pdf, page 1>
Package pdftex.def Info: ./document-H1/Homework.pdf , page1 used on input line 
20.
(pdftex.def)             Requested size: 598.45872pt x 795.01137pt.
File: ./document-H1/Homework.pdf Graphic file (type pdf)
<use ./document-H1/Homework.pdf, page 1>
Package pdftex.def Info: ./document-H1/Homework.pdf , page1 used on input line 
20.
(pdftex.def)             Requested size: 598.45872pt x 795.01137pt.
File: ./document-H1/Homework.pdf Graphic file (type pdf)
<use ./document-H1/Homework.pdf, page 1>
Package pdftex.def Info: ./document-H1/Homework.pdf , page1 used on input line 
20.
(pdftex.def)             Requested size: 598.45872pt x 795.01137pt.
[1


Non-PDF special ignored!
<special> papersize=8.5in,11in
 <./document-H1/Homework.pdf>]
<./document-H1/exercise1/1.1-1.png, id=12, 1445.4pt x 813.0375pt>
File: ./document-H1/exercise1/1.1-1.png Graphic file (type png)
<use ./document-H1/exercise1/1.1-1.png>
Package pdftex.def Info: ./document-H1/exercise1/1.1-1.png  used on input line 
46.
(pdftex.def)             Requested size: 500.484pt x 281.51553pt.
<./document-H1/exercise1/1.1-2.png, id=13, 1445.4pt x 813.0375pt>
File: ./document-H1/exercise1/1.1-2.png Graphic file (type png)
<use ./document-H1/exercise1/1.1-2.png>
Package pdftex.def Info: ./document-H1/exercise1/1.1-2.png  used on input line 
52.
(pdftex.def)             Requested size: 500.484pt x 281.51553pt.
<./document-H1/exercise1/1.1-3.png, id=14, 1445.4pt x 813.0375pt>
File: ./document-H1/exercise1/1.1-3.png Graphic file (type png)
<use ./document-H1/exercise1/1.1-3.png>
Package pdftex.def Info: ./document-H1/exercise1/1.1-3.png  used on input line 
58.
(pdftex.def)             Requested size: 500.484pt x 281.51553pt.
 [2{C:/Users/15147/AppData/Local/MiKTeX/pdftex/config/pdftex.map} <./document-H
1/exercise1/1.1-1.png>]
<./document-H1/exercise1/1.1-4.png, id=20, 1445.4pt x 813.0375pt>
File: ./document-H1/exercise1/1.1-4.png Graphic file (type png)
<use ./document-H1/exercise1/1.1-4.png>
Package pdftex.def Info: ./document-H1/exercise1/1.1-4.png  used on input line 
64.
(pdftex.def)             Requested size: 475.45825pt x 267.44719pt.
 [3 <./document-H1/exercise1/1.1-2.png> <./document-H1/exercise1/1.1-3.png>]
<./document-H1/exercise1/1.2.png, id=24, 1445.4pt x 813.0375pt>
File: ./document-H1/exercise1/1.2.png Graphic file (type png)
<use ./document-H1/exercise1/1.2.png>
Package pdftex.def Info: ./document-H1/exercise1/1.2.png  used on input line 78
.
(pdftex.def)             Requested size: 475.45825pt x 267.44719pt.
LaTeX Font Info:    Trying to load font information for OML+cmr on input line 8
6.

(C:\Users\15147\AppData\Local\Programs\MiKTeX\tex/latex/base\omlcmr.fd
File: omlcmr.fd 2019/12/16 v2.5j Standard LaTeX font definitions
)
LaTeX Font Info:    Font shape `OML/cmr/m/n' in size <10> not available
(Font)              Font shape `OML/cmm/m/it' tried instead on input line 86.

[4 <./document-H1/exercise1/1.1-4.png> <./document-H1/exercise1/1.2.png>]
<./document-H1/exercise1/1.3.png, id=29, 1445.4pt x 813.0375pt>
File: ./document-H1/exercise1/1.3.png Graphic file (type png)
<use ./document-H1/exercise1/1.3.png>
Package pdftex.def Info: ./document-H1/exercise1/1.3.png  used on input line 91
.
(pdftex.def)             Requested size: 450.43253pt x 253.36646pt.
<./document-H1/exercise1/1.4.png, id=30, 1445.4pt x 813.0375pt>
File: ./document-H1/exercise1/1.4.png Graphic file (type png)
<use ./document-H1/exercise1/1.4.png>
Package pdftex.def Info: ./document-H1/exercise1/1.4.png  used on input line 10
5.
(pdftex.def)             Requested size: 475.45825pt x 267.44719pt.

[5 <./document-H1/exercise1/1.3.png> <./document-H1/exercise1/1.4.png>]
Overfull \hbox (9.5212pt too wide) in paragraph at lines 113--114
[][][][][][][][][][][][][][][][][][][][][][][][][][] 
 []

<./document-H1/exercise1/1.5.png, id=35, 1445.4pt x 813.0375pt>
File: ./document-H1/exercise1/1.5.png Graphic file (type png)
<use ./document-H1/exercise1/1.5.png>
Package pdftex.def Info: ./document-H1/exercise1/1.5.png  used on input line 11
9.
(pdftex.def)             Requested size: 440.42834pt x 247.73416pt.

Overfull \hbox (3.52113pt too wide) in paragraph at lines 127--128
[][][][][][][][][][][][][][][][][][][][][][][][][][][][][][][][] 
 []

<./document-H1/exercise1/1.6.png, id=36, 1445.4pt x 813.0375pt>
File: ./document-H1/exercise1/1.6.png Graphic file (type png)
<use ./document-H1/exercise1/1.6.png>
Package pdftex.def Info: ./document-H1/exercise1/1.6.png  used on input line 13
2.
(pdftex.def)             Requested size: 440.42834pt x 247.73416pt.
[6 <./document-H1/exercise1/1.5.png> <./document-H1/exercise1/1.6.png>]
<./document-H1/exercise1/1.7.png, id=40, 1445.4pt x 813.0375pt>
File: ./document-H1/exercise1/1.7.png Graphic file (type png)
<use ./document-H1/exercise1/1.7.png>
Package pdftex.def Info: ./document-H1/exercise1/1.7.png  used on input line 14
6.
(pdftex.def)             Requested size: 450.43253pt x 253.36646pt.
<./document-H1/exercise1/1.8.png, id=41, 1445.4pt x 813.0375pt>
File: ./document-H1/exercise1/1.8.png Graphic file (type png)
<use ./document-H1/exercise1/1.8.png>
Package pdftex.def Info: ./document-H1/exercise1/1.8.png  used on input line 15
8.
(pdftex.def)             Requested size: 450.43253pt x 253.36646pt.

[7 <./document-H1/exercise1/1.7.png> <./document-H1/exercise1/1.8.png>]
<./document-H1/exercise1/1.9.png, id=46, 1445.4pt x 813.0375pt>
File: ./document-H1/exercise1/1.9.png Graphic file (type png)
<use ./document-H1/exercise1/1.9.png>
Package pdftex.def Info: ./document-H1/exercise1/1.9.png  used on input line 17
2.
(pdftex.def)             Requested size: 450.43253pt x 253.36646pt.

[8 <./document-H1/exercise1/1.9.png>]
<./document-H1/Homework1-exercise2.png, id=50, 1351.0475pt x 865.2325pt>
File: ./document-H1/Homework1-exercise2.png Graphic file (type png)
<use ./document-H1/Homework1-exercise2.png>
Package pdftex.def Info: ./document-H1/Homework1-exercise2.png  used on input l
ine 183.
(pdftex.def)             Requested size: 565.54935pt x 362.19376pt.

Overfull \hbox (65.06535pt too wide) in paragraph at lines 183--184
 [][] 
 []

[9

 <./document-H1/Homework1-exercise2.png>]
<./document-H1/Homework1-exercise3.png, id=56, 1233.60875pt x 718.685pt>
File: ./document-H1/Homework1-exercise3.png Graphic file (type png)
<use ./document-H1/Homework1-exercise3.png>
Package pdftex.def Info: ./document-H1/Homework1-exercise3.png  used on input l
ine 194.
(pdftex.def)             Requested size: 565.54935pt x 329.49152pt.

Overfull \hbox (65.06535pt too wide) in paragraph at lines 194--195
 [][] 
 []

[10

 <./document-H1/Homework1-exercise3.png>] (document.aux) ) 
Here is how much of TeX's memory you used:
 5058 strings out of 478927
 76414 string characters out of 2852535
 392474 words of memory out of 3000000
 22859 multiletter control sequences out of 15000+600000
 404370 words of font info for 30 fonts, out of 8000000 for 9000
 1141 hyphenation exceptions out of 8191
 62i,17n,75p,213b,1252s stack positions out of 5000i,500n,10000p,200000b,80000s
 <C:\Users\15147\AppD
ata\Local\MiKTeX\fonts/pk/ljfour/jknappen/ec/dpi600\tcrm1000.pk><C:/Users/15147
/AppData/Local/Programs/MiKTeX/fonts/type1/public/amsfonts/cm/cmbx12.pfb><C:/Us
ers/15147/AppData/Local/Programs/MiKTeX/fonts/type1/public/amsfonts/cm/cmmi10.p
fb><C:/Users/15147/AppData/Local/Programs/MiKTeX/fonts/type1/public/amsfonts/cm
/cmr10.pfb>
Output written on document.pdf (10 pages, 2193298 bytes).
PDF statistics:
 79 PDF objects out of 1000 (max. 8388607)
 0 named destinations out of 1000 (max. 500000)
 91 words of extra memory for PDF output out of 10000 (max. 10000000)

